2015-07-08 00:50:56 DEBUG Initialise:26 - initialiseDesk : width: 4 , height: 4
2015-07-08 17:30:48 INFO  Initialise:27 - initialiseDesk : width: 4 , height: 4
2015-07-08 17:31:52 DEBUG Initialise:26 - initialiseDesk : width: 4 , height: 4
2015-07-08 17:31:52 INFO  Initialise:27 - initialiseDesk : width: 4 , height: 4
2015-07-08 17:37:18 DEBUG Initialise:26 - initialiseDesk : width: 4 , height: 4
2015-07-08 17:37:18 DEBUG Initialise:46 - putRandownMines : nb mines: 2 , desk size: 16
2015-07-08 17:37:18 DEBUG Initialise:62 - putRandownMines : mine Y : 1 , mine X: 0
2015-07-08 17:37:18 DEBUG Initialise:62 - putRandownMines : mine Y : 2 , mine X: 3
2015-07-08 17:39:56 DEBUG Initialise:26 - initialiseDesk : width: 4 , height: 4
2015-07-08 17:39:56 DEBUG Initialise:46 - putRandownMines : nb mines: 2 , desk size: 16
2015-07-08 17:39:56 DEBUG Initialise:62 - putRandownMines : mine Y : 3 , mine X: 0
2015-07-08 17:39:56 DEBUG Initialise:62 - putRandownMines : mine Y : 1 , mine X: 0
2015-07-08 17:44:14 INFO  Main:19 - --- Start Main ---
2015-07-08 17:44:14 INFO  Main:26 - --- Initialise ---
2015-07-08 17:44:14 DEBUG Initialise:26 - initialiseDesk : width: 4 , height: 4
2015-07-08 17:45:07 INFO  Main:19 - --- Start Main ---
2015-07-08 17:45:07 INFO  Main:26 - --- Initialise ---
2015-07-08 17:45:07 DEBUG Initialise:26 - initialiseDesk : width: 4 , height: 4
2015-07-08 17:45:07 INFO  Main:36 - --- Put mines ---
2015-07-08 17:45:07 DEBUG Initialise:46 - putRandownMines : nb mines: 2 , desk size: 16
2015-07-08 17:45:07 DEBUG Initialise:62 - putRandownMines : mine Y : 0 , mine X: 3
2015-07-08 17:45:07 DEBUG Initialise:62 - putRandownMines : mine Y : 0 , mine X: 2
2015-07-08 17:45:07 INFO  Main:43 - --- End ---
2015-07-08 17:56:08 DEBUG Initialise:26 - initialiseDesk : width: 6 , height: 9
2015-07-08 17:56:08 DEBUG Running:76 - indicateArea : position Y : 3 , position X: 3
2015-07-08 17:56:08 DEBUG Initialise:26 - initialiseDesk : width: 6 , height: 9
2015-07-08 17:56:08 DEBUG Running:36 - checkAreaAlreadyDiscovered : position Y : 0 , position X: 3
2015-07-08 17:56:08 DEBUG Initialise:26 - initialiseDesk : width: 6 , height: 9
2015-07-08 17:56:08 DEBUG Running:89 - indicateArea : position Y : 1 , position X: 1
2015-07-08 17:56:17 DEBUG Running:89 - indicateArea : position Y : 4 , position X: 3
2015-07-08 17:56:17 DEBUG Initialise:26 - initialiseDesk : width: 6 , height: 9
2015-07-08 17:56:17 DEBUG Running:56 - checkAreaWithMine : position Y : 1 , position X: 1
2015-07-08 17:56:17 DEBUG Running:56 - checkAreaWithMine : position Y : 2 , position X: 2
2015-07-08 17:56:17 DEBUG Initialise:26 - initialiseDesk : width: 6 , height: 9
2015-07-08 17:56:17 DEBUG Running:36 - checkAreaAlreadyDiscovered : position Y : 1 , position X: 1
2015-07-08 17:56:17 DEBUG Running:36 - checkAreaAlreadyDiscovered : position Y : 2 , position X: 2
2015-07-08 17:56:17 DEBUG Running:36 - checkAreaAlreadyDiscovered : position Y : 3 , position X: 3
2015-07-08 17:56:17 DEBUG Running:36 - checkAreaAlreadyDiscovered : position Y : 4 , position X: 3
2015-07-08 17:56:44 DEBUG Initialise:26 - initialiseDesk : width: 6 , height: 9
2015-07-08 17:57:29 DEBUG Initialise:26 - initialiseDesk : width: 6 , height: 9
2015-07-08 17:58:20 DEBUG Initialise:26 - initialiseDesk : width: 6 , height: 9
2015-07-08 17:58:35 DEBUG Initialise:26 - initialiseDesk : width: 6 , height: 9
2015-07-08 18:30:34 DEBUG Initialise:26 - initialiseDesk : width: 3 , height: 3
2015-07-08 18:30:34 DEBUG Initialise:26 - initialiseDesk : width: 3 , height: 3
2015-07-08 18:31:34 DEBUG Initialise:26 - initialiseDesk : width: 3 , height: 3
2015-07-08 18:31:34 DEBUG Initialise:26 - initialiseDesk : width: 3 , height: 3
2015-07-08 18:35:23 DEBUG Initialise:26 - initialiseDesk : width: 3 , height: 3
2015-07-08 18:35:23 DEBUG Initialise:26 - initialiseDesk : width: 3 , height: 3
2015-07-08 18:36:30 DEBUG Initialise:26 - initialiseDesk : width: 3 , height: 3
2015-07-08 18:36:30 DEBUG Initialise:26 - initialiseDesk : width: 3 , height: 3
2015-07-08 18:38:47 DEBUG Initialise:26 - initialiseDesk : width: 3 , height: 3
2015-07-08 18:38:47 DEBUG Finalise:28 - putMine : BackgroundState: empty , DisplayState: hide
2015-07-08 18:38:47 DEBUG Finalise:28 - putMine : BackgroundState: empty , DisplayState: mark
2015-07-08 18:38:47 DEBUG Initialise:26 - initialiseDesk : width: 3 , height: 3
2015-07-08 18:38:47 DEBUG Finalise:28 - putMine : BackgroundState: empty , DisplayState: 1
2015-07-08 18:38:47 DEBUG Finalise:28 - putMine : BackgroundState: empty , DisplayState: 2
2015-07-08 18:38:47 DEBUG Finalise:28 - putMine : BackgroundState: mine , DisplayState: mark
2015-07-08 18:38:47 DEBUG Finalise:28 - putMine : BackgroundState: mine , DisplayState: hide
2015-07-08 18:38:47 DEBUG Finalise:28 - putMine : BackgroundState: empty , DisplayState: 5
2015-07-08 18:38:47 DEBUG Finalise:28 - putMine : BackgroundState: empty , DisplayState: 3
2015-07-08 18:38:47 DEBUG Finalise:28 - putMine : BackgroundState: mine , DisplayState: mark
2015-07-08 18:38:47 DEBUG Finalise:28 - putMine : BackgroundState: mine , DisplayState: mark
2015-07-08 18:38:47 DEBUG Finalise:28 - putMine : BackgroundState: mine , DisplayState: hide
2015-07-08 18:39:55 DEBUG Initialise:26 - initialiseDesk : width: 3 , height: 3
2015-07-08 18:39:55 DEBUG Finalise:28 - IsFinished : y: 0 , x: 0 , BackgroundState: empty , DisplayState: hide
2015-07-08 18:39:55 DEBUG Finalise:28 - IsFinished : y: 0 , x: 0 , BackgroundState: empty , DisplayState: mark
2015-07-08 18:39:55 DEBUG Initialise:26 - initialiseDesk : width: 3 , height: 3
2015-07-08 18:39:55 DEBUG Finalise:28 - IsFinished : y: 0 , x: 0 , BackgroundState: empty , DisplayState: 1
2015-07-08 18:39:55 DEBUG Finalise:28 - IsFinished : y: 0 , x: 1 , BackgroundState: empty , DisplayState: 2
2015-07-08 18:39:55 DEBUG Finalise:28 - IsFinished : y: 0 , x: 2 , BackgroundState: mine , DisplayState: mark
2015-07-08 18:39:55 DEBUG Finalise:28 - IsFinished : y: 1 , x: 0 , BackgroundState: mine , DisplayState: hide
2015-07-08 18:39:55 DEBUG Finalise:28 - IsFinished : y: 1 , x: 1 , BackgroundState: empty , DisplayState: 5
2015-07-08 18:39:55 DEBUG Finalise:28 - IsFinished : y: 1 , x: 2 , BackgroundState: empty , DisplayState: 3
2015-07-08 18:39:55 DEBUG Finalise:28 - IsFinished : y: 2 , x: 0 , BackgroundState: mine , DisplayState: mark
2015-07-08 18:39:55 DEBUG Finalise:28 - IsFinished : y: 2 , x: 1 , BackgroundState: mine , DisplayState: mark
2015-07-08 18:39:55 DEBUG Finalise:28 - IsFinished : y: 2 , x: 2 , BackgroundState: mine , DisplayState: hide
